Fri Oct 17 21:26:29 CST 2014  [debug] AvalonLogSystem initialized using logfile 'velocity.log'
Fri Oct 17 21:26:29 CST 2014   [info] ************************************************************** 
Fri Oct 17 21:26:29 CST 2014   [info] Starting Jakarta Velocity v1.4
Fri Oct 17 21:26:29 CST 2014   [info] RuntimeInstance initializing.
Fri Oct 17 21:26:29 CST 2014   [info] Default Properties File: org\apache\velocity\runtime\defaults\velocity.properties
Fri Oct 17 21:26:29 CST 2014   [info] Trying to use logger class org.apache.velocity.runtime.log.AvalonLogSystem
Fri Oct 17 21:26:29 CST 2014   [info] Using logger class org.apache.velocity.runtime.log.AvalonLogSystem
Fri Oct 17 21:26:29 CST 2014   [info] Default ResourceManager initializing. (class org.apache.velocity.runtime.resource.ResourceManagerImpl)
Fri Oct 17 21:26:29 CST 2014   [info] Resource Loader Instantiated: org.apache.velocity.runtime.resource.loader.FileResourceLoader
Fri Oct 17 21:26:29 CST 2014   [info] FileResourceLoader : initialization starting.
Fri Oct 17 21:26:29 CST 2014   [info] FileResourceLoader : adding path 'c:/altera/12.1/ip/altera/nco/lib/\template'
Fri Oct 17 21:26:29 CST 2014   [info] FileResourceLoader : adding path '.'
Fri Oct 17 21:26:29 CST 2014   [info] FileResourceLoader : initialization complete.
Fri Oct 17 21:26:29 CST 2014   [info] Resource Loader Instantiated: org.apache.velocity.runtime.resource.loader.JarResourceLoader
Fri Oct 17 21:26:29 CST 2014   [info] JarResourceLoader : initialization starting.
Fri Oct 17 21:26:29 CST 2014   [info] JarResourceLoader # of paths : 0
Fri Oct 17 21:26:29 CST 2014   [info] JarResourceLoader : initialization complete.
Fri Oct 17 21:26:29 CST 2014   [info] Resource Loader Instantiated: org.apache.velocity.runtime.resource.loader.ClasspathResourceLoader
Fri Oct 17 21:26:29 CST 2014   [info] ClasspathResourceLoader : initialization starting.
Fri Oct 17 21:26:29 CST 2014   [info] ClasspathResourceLoader : initialization complete.
Fri Oct 17 21:26:29 CST 2014   [info] ResourceCache : initialized. (class org.apache.velocity.runtime.resource.ResourceCacheImpl)
Fri Oct 17 21:26:29 CST 2014   [info] Default ResourceManager initialization complete.
Fri Oct 17 21:26:29 CST 2014   [info] Loaded System Directive: org.apache.velocity.runtime.directive.Literal
Fri Oct 17 21:26:29 CST 2014   [info] Loaded System Directive: org.apache.velocity.runtime.directive.Macro
Fri Oct 17 21:26:29 CST 2014   [info] Loaded System Directive: org.apache.velocity.runtime.directive.Parse
Fri Oct 17 21:26:29 CST 2014   [info] Loaded System Directive: org.apache.velocity.runtime.directive.Include
Fri Oct 17 21:26:29 CST 2014   [info] Loaded System Directive: org.apache.velocity.runtime.directive.Foreach
Fri Oct 17 21:26:29 CST 2014   [info] Created: 20 parsers.
Fri Oct 17 21:26:29 CST 2014   [info] Velocimacro : initialization starting.
Fri Oct 17 21:26:29 CST 2014   [info] Velocimacro : adding VMs from VM library template : VM_global_library.vm
Fri Oct 17 21:26:29 CST 2014   [info] Velocimacro : added new VM : #listall( list ) : source = VM_global_library.vm
Fri Oct 17 21:26:29 CST 2014   [info] Velocimacro : added new VM : #listlist( list ) : source = VM_global_library.vm
Fri Oct 17 21:26:29 CST 2014   [info] ResourceManager : found VM_global_library.vm with loader org.apache.velocity.runtime.resource.loader.ClasspathResourceLoader
Fri Oct 17 21:26:29 CST 2014   [info] Velocimacro :  VM library template macro registration complete.
Fri Oct 17 21:26:29 CST 2014   [info] Velocimacro : allowInline = true : VMs can be defined inline in templates
Fri Oct 17 21:26:29 CST 2014   [info] Velocimacro : allowInlineToOverride = false : VMs defined inline may NOT replace previous VM definitions
Fri Oct 17 21:26:29 CST 2014   [info] Velocimacro : allowInlineLocal = false : VMs defined inline will be  global in scope if allowed.
Fri Oct 17 21:26:29 CST 2014   [info] Velocimacro : messages on  : VM system will output logging messages
Fri Oct 17 21:26:29 CST 2014   [info] Velocimacro : autoload off  : VM system will not automatically reload global library macros
Fri Oct 17 21:26:29 CST 2014   [info] Velocimacro : initialization complete.
Fri Oct 17 21:26:29 CST 2014   [info] Velocity successfully started.
Fri Oct 17 21:26:29 CST 2014   [info] ResourceManager : found nco_nativelink_tcl.vm with loader org.apache.velocity.runtime.resource.loader.ClasspathResourceLoader
Fri Oct 17 21:26:29 CST 2014   [info] ResourceManager : found alt_license_tcl.txt with loader org.apache.velocity.runtime.resource.loader.ClasspathResourceLoader
