Sat Oct 18 23:38:39 CST 2014  [debug] AvalonLogSystem initialized using logfile 'velocity.log'
Sat Oct 18 23:38:39 CST 2014   [info] ************************************************************** 
Sat Oct 18 23:38:39 CST 2014   [info] Starting Jakarta Velocity v1.4
Sat Oct 18 23:38:39 CST 2014   [info] RuntimeInstance initializing.
Sat Oct 18 23:38:39 CST 2014   [info] Default Properties File: org\apache\velocity\runtime\defaults\velocity.properties
Sat Oct 18 23:38:39 CST 2014   [info] Trying to use logger class org.apache.velocity.runtime.log.AvalonLogSystem
Sat Oct 18 23:38:39 CST 2014   [info] Using logger class org.apache.velocity.runtime.log.AvalonLogSystem
Sat Oct 18 23:38:39 CST 2014   [info] Default ResourceManager initializing. (class org.apache.velocity.runtime.resource.ResourceManagerImpl)
Sat Oct 18 23:38:39 CST 2014   [info] Resource Loader Instantiated: org.apache.velocity.runtime.resource.loader.FileResourceLoader
Sat Oct 18 23:38:39 CST 2014   [info] FileResourceLoader : initialization starting.
Sat Oct 18 23:38:39 CST 2014   [info] FileResourceLoader : adding path 'c:/altera/12.1/ip/altera/nco/lib/\template'
Sat Oct 18 23:38:39 CST 2014   [info] FileResourceLoader : adding path '.'
Sat Oct 18 23:38:39 CST 2014   [info] FileResourceLoader : initialization complete.
Sat Oct 18 23:38:39 CST 2014   [info] Resource Loader Instantiated: org.apache.velocity.runtime.resource.loader.JarResourceLoader
Sat Oct 18 23:38:39 CST 2014   [info] JarResourceLoader : initialization starting.
Sat Oct 18 23:38:39 CST 2014   [info] JarResourceLoader # of paths : 0
Sat Oct 18 23:38:39 CST 2014   [info] JarResourceLoader : initialization complete.
Sat Oct 18 23:38:39 CST 2014   [info] Resource Loader Instantiated: org.apache.velocity.runtime.resource.loader.ClasspathResourceLoader
Sat Oct 18 23:38:39 CST 2014   [info] ClasspathResourceLoader : initialization starting.
Sat Oct 18 23:38:39 CST 2014   [info] ClasspathResourceLoader : initialization complete.
Sat Oct 18 23:38:39 CST 2014   [info] ResourceCache : initialized. (class org.apache.velocity.runtime.resource.ResourceCacheImpl)
Sat Oct 18 23:38:39 CST 2014   [info] Default ResourceManager initialization complete.
Sat Oct 18 23:38:39 CST 2014   [info] Loaded System Directive: org.apache.velocity.runtime.directive.Literal
Sat Oct 18 23:38:39 CST 2014   [info] Loaded System Directive: org.apache.velocity.runtime.directive.Macro
Sat Oct 18 23:38:39 CST 2014   [info] Loaded System Directive: org.apache.velocity.runtime.directive.Parse
Sat Oct 18 23:38:39 CST 2014   [info] Loaded System Directive: org.apache.velocity.runtime.directive.Include
Sat Oct 18 23:38:39 CST 2014   [info] Loaded System Directive: org.apache.velocity.runtime.directive.Foreach
Sat Oct 18 23:38:40 CST 2014   [info] Created: 20 parsers.
Sat Oct 18 23:38:40 CST 2014   [info] Velocimacro : initialization starting.
Sat Oct 18 23:38:40 CST 2014   [info] Velocimacro : adding VMs from VM library template : VM_global_library.vm
Sat Oct 18 23:38:40 CST 2014   [info] Velocimacro : added new VM : #listall( list ) : source = VM_global_library.vm
Sat Oct 18 23:38:40 CST 2014   [info] Velocimacro : added new VM : #listlist( list ) : source = VM_global_library.vm
Sat Oct 18 23:38:40 CST 2014   [info] ResourceManager : found VM_global_library.vm with loader org.apache.velocity.runtime.resource.loader.ClasspathResourceLoader
Sat Oct 18 23:38:40 CST 2014   [info] Velocimacro :  VM library template macro registration complete.
Sat Oct 18 23:38:40 CST 2014   [info] Velocimacro : allowInline = true : VMs can be defined inline in templates
Sat Oct 18 23:38:40 CST 2014   [info] Velocimacro : allowInlineToOverride = false : VMs defined inline may NOT replace previous VM definitions
Sat Oct 18 23:38:40 CST 2014   [info] Velocimacro : allowInlineLocal = false : VMs defined inline will be  global in scope if allowed.
Sat Oct 18 23:38:40 CST 2014   [info] Velocimacro : messages on  : VM system will output logging messages
Sat Oct 18 23:38:40 CST 2014   [info] Velocimacro : autoload off  : VM system will not automatically reload global library macros
Sat Oct 18 23:38:40 CST 2014   [info] Velocimacro : initialization complete.
Sat Oct 18 23:38:40 CST 2014   [info] Velocity successfully started.
Sat Oct 18 23:38:40 CST 2014   [info] ResourceManager : found nco_nativelink_tcl.vm with loader org.apache.velocity.runtime.resource.loader.ClasspathResourceLoader
Sat Oct 18 23:38:40 CST 2014   [info] ResourceManager : found alt_license_tcl.txt with loader org.apache.velocity.runtime.resource.loader.ClasspathResourceLoader
